        -:    0:Source:D:/CLion/A5-6(2.0)/Domain/Movie.h
        -:    0:Graph:D:\CLion\A5-6(2.0)\cmake-build-debug-coverage\CMakeFiles\A5_6.dir\Repository\Repository.cpp.gcno
        -:    0:Data:D:\CLion\A5-6(2.0)\cmake-build-debug-coverage\CMakeFiles\A5_6.dir\Repository\Repository.cpp.gcda
        -:    0:Runs:1
        -:    1:#pragma once
        -:    2:#include <iostream>
        -:    3:
        -:    4:class Movie {
        -:    5:private:
        -:    6:    std::string title;
        -:    7:    std::string genre;
        -:    8:    int year;
        -:    9:    int likes;
        -:   10:    std::string trailer;
        -:   11:    int ifLiked;
        -:   12:
        -:   13:public:
        -:   14:    Movie();
        -:   15:    Movie(std::string,std::string,int,int,std::string);
        -:   16://    ~Movie() = default;
        -:   17:
function _ZNK5Movie8getTitleB5cxx11Ev called 115 returned 100% blocks executed 100%
      115:   18:    std::string getTitle() const { return this->title; }
      115:   18-block  0
call    0 returned 115
function _ZNK5Movie8getGenreB5cxx11Ev called 42 returned 100% blocks executed 100%
       42:   19:    std::string getGenre() const { return this->genre; }
       42:   19-block  0
call    0 returned 42
function _ZNK5Movie7getYearEv called 34 returned 100% blocks executed 100%
       34:   20:    int getYear() const { return this->year; }
       34:   20-block  0
        -:   21:    int getLikes() const { return this->likes; }
        -:   22:    std::string getTrailer() const { return this->trailer; }
        -:   23:
        -:   24:    void incrementLikes();
        -:   25:    void playTrailer() const;
        -:   26:    std::string toString();
        -:   27:};
