        -:    0:Source:D:/CLion/A5-6(2.0)/UI/UI.cpp
        -:    0:Graph:D:\CLion\A5-6(2.0)\cmake-build-debug-coverage\CMakeFiles\A5_6.dir\UI\UI.cpp.gcno
        -:    0:Data:D:\CLion\A5-6(2.0)\cmake-build-debug-coverage\CMakeFiles\A5_6.dir\UI\UI.cpp.gcda
        -:    0:Runs:1
        -:    1:#include "UI.h"
        -:    2:#include <iostream>
        -:    3:#include <string>
        -:    4:#include <cstring>
        -:    5:#include <windows.h>
        -:    6:
function _ZN2UI5startEv called 1 returned 100% blocks executed 33%
        1:    7:void UI::start() {
        1:    8:    this->initialization();
        1:    8-block  0
call    0 returned 1
        -:    9:    while (true) {
        1:   10:        printStartMenu();
        1:   10-block  0
call    0 returned 1
branch  1 taken 1 (fallthrough)
branch  2 taken 0 (throw)
        1:   11:        std::string command;
        1:   11-block  0
call    0 returned 1
        1:   12:        std::getline(std::cin, command);
call    0 returned 1
branch  1 taken 1 (fallthrough)
branch  2 taken 0 (throw)
        1:   13:        if (command == "exit")
        1:   13-block  0
call    0 returned 1
branch  1 taken 1 (fallthrough)
branch  2 taken 0
        1:   14:            break;
        1:   14-block  0
    #####:   15:        if (command == "admin"){
    %%%%%:   15-block  0
call    0 never executed
branch  1 never executed
branch  2 never executed
    #####:   16:            system("cls");
    %%%%%:   16-block  0
call    0 never executed
branch  1 never executed
branch  2 never executed
    #####:   17:            std::cout << "Now you are in Admin mode\n";
    %%%%%:   17-block  0
call    0 never executed
branch  1 never executed
branch  2 never executed
    #####:   18:            runAdminMode();
    %%%%%:   18-block  0
call    0 never executed
branch  1 never executed
branch  2 never executed
    #####:   19:            std::cout << "You are no more in Admin mode!\n";
    %%%%%:   19-block  0
call    0 never executed
branch  1 never executed
branch  2 never executed
    #####:   20:            Sleep(1000);
    %%%%%:   20-block  0
call    0 never executed
branch  1 never executed
branch  2 never executed
    #####:   21:            system("cls");
    %%%%%:   21-block  0
call    0 never executed
branch  1 never executed
branch  2 never executed
        -:   22:        }
    #####:   23:        else if (command == "user"){
    %%%%%:   23-block  0
call    0 never executed
branch  1 never executed
branch  2 never executed
    #####:   24:            system("cls");
    %%%%%:   24-block  0
call    0 never executed
branch  1 never executed
branch  2 never executed
    #####:   25:            std::cout << "Now you are in User mode\n";
    %%%%%:   25-block  0
call    0 never executed
branch  1 never executed
branch  2 never executed
    #####:   26:            runUserMode();
    %%%%%:   26-block  0
call    0 never executed
branch  1 never executed
branch  2 never executed
    #####:   27:            std::cout << "You are no more in User mode!\n";
    %%%%%:   27-block  0
call    0 never executed
branch  1 never executed
branch  2 never executed
    #####:   28:            Sleep(1000);
    %%%%%:   28-block  0
call    0 never executed
branch  1 never executed
branch  2 never executed
    #####:   29:            system("cls");
    %%%%%:   29-block  0
call    0 never executed
branch  1 never executed
branch  2 never executed
        -:   30:        }
        -:   31:        else
    #####:   32:            std::cout << "Invalid command!\n";
    %%%%%:   32-block  0
call    0 never executed
branch  1 never executed
branch  2 never executed
       1*:   33:    }
    %%%%%:   33-block  0
        1:   33-block  1
call    0 returned 1
branch  1 taken 0 (fallthrough)
branch  2 taken 1
    %%%%%:   33-block  2
    $$$$$:   33-block  3
call    3 never executed
        1:   34:}
        1:   34-block  0
        -:   35:
function _ZN2UI12runAdminModeEv called 0 returned 0% blocks executed 0%
    #####:   36:void UI::runAdminMode()
        -:   37:{
        -:   38:    while (true)
        -:   39:    {
    #####:   40:        printAdminMenu();
    %%%%%:   40-block  0
call    0 never executed
branch  1 never executed
branch  2 never executed
    #####:   41:        std::string command;
    %%%%%:   41-block  0
call    0 never executed
    #####:   42:        std::cout << ">> ";
call    0 never executed
branch  1 never executed
branch  2 never executed
    #####:   43:        std::getline(std::cin, command);
    %%%%%:   43-block  0
call    0 never executed
branch  1 never executed
branch  2 never executed
    #####:   44:        if (command == "exit")
    %%%%%:   44-block  0
call    0 never executed
branch  1 never executed
branch  2 never executed
    #####:   45:            break;
    %%%%%:   45-block  0
    #####:   46:        else if (command == "add") {
    %%%%%:   46-block  0
call    0 never executed
branch  1 never executed
branch  2 never executed
    #####:   47:            int var = addMovieService();
    %%%%%:   47-block  0
call    0 never executed
branch  1 never executed
branch  2 never executed
    #####:   48:            if (var == 0)
    %%%%%:   48-block  0
branch  0 never executed
branch  1 never executed
    #####:   49:                std::cout << "Error!!!\n";
    %%%%%:   49-block  0
call    0 never executed
branch  1 never executed
branch  2 never executed
    #####:   50:            std::cout << '\n';
    %%%%%:   50-block  0
call    0 never executed
branch  1 never executed
branch  2 never executed
        -:   51:        }
    #####:   52:        else if (command == "delete")
    %%%%%:   52-block  0
call    0 never executed
branch  1 never executed
branch  2 never executed
        -:   53:        {
    #####:   54:            int var = deleteMovieService();
    %%%%%:   54-block  0
call    0 never executed
branch  1 never executed
branch  2 never executed
    #####:   55:            if (var == 0)
    %%%%%:   55-block  0
branch  0 never executed
branch  1 never executed
    #####:   56:                std::cout << "Error!!!\n";
    %%%%%:   56-block  0
call    0 never executed
branch  1 never executed
branch  2 never executed
    #####:   57:            std::cout << '\n';
    %%%%%:   57-block  0
call    0 never executed
branch  1 never executed
branch  2 never executed
        -:   58:        }
    #####:   59:        else if (command == "update")
    %%%%%:   59-block  0
call    0 never executed
branch  1 never executed
branch  2 never executed
        -:   60:        {
    #####:   61:            int var = updateMovieService();
    %%%%%:   61-block  0
call    0 never executed
branch  1 never executed
branch  2 never executed
    #####:   62:            if (var == 0)
    %%%%%:   62-block  0
branch  0 never executed
branch  1 never executed
    #####:   63:                std::cout << "Error!!!\n";
    %%%%%:   63-block  0
call    0 never executed
branch  1 never executed
branch  2 never executed
    #####:   64:            std::cout << '\n';
    %%%%%:   64-block  0
call    0 never executed
branch  1 never executed
branch  2 never executed
        -:   65:        }
    #####:   66:        else if (command == "list")
    %%%%%:   66-block  0
call    0 never executed
branch  1 never executed
branch  2 never executed
        -:   67:        {
    #####:   68:            listAllMovies();
    %%%%%:   68-block  0
call    0 never executed
branch  1 never executed
branch  2 never executed
    #####:   69:            std::cout << '\n';
    %%%%%:   69-block  0
call    0 never executed
branch  1 never executed
branch  2 never executed
        -:   70:        }
        -:   71:        else
    #####:   72:            std::cout << "Invalid command!\n\n";
    %%%%%:   72-block  0
call    0 never executed
branch  1 never executed
branch  2 never executed
    #####:   73:    }
    %%%%%:   73-block  0
    %%%%%:   73-block  1
call    0 never executed
branch  1 never executed
branch  2 never executed
    %%%%%:   73-block  2
    $$$$$:   73-block  3
call    3 never executed
    #####:   74:}
    %%%%%:   74-block  0
        -:   75:
function _ZN2UI11runUserModeEv called 0 returned 0% blocks executed 0%
    #####:   76:void UI::runUserMode()
        -:   77:{
        -:   78:    while (true)
        -:   79:    {
    #####:   80:        printUserMenu();
    %%%%%:   80-block  0
call    0 never executed
branch  1 never executed
branch  2 never executed
    #####:   81:        std::string command;
    %%%%%:   81-block  0
call    0 never executed
    #####:   82:        std::cout << ">> ";
call    0 never executed
branch  1 never executed
branch  2 never executed
    #####:   83:        std::getline(std::cin, command);
    %%%%%:   83-block  0
call    0 never executed
branch  1 never executed
branch  2 never executed
    #####:   84:        if (command == "exit")
    %%%%%:   84-block  0
call    0 never executed
branch  1 never executed
branch  2 never executed
    #####:   85:            break;
    %%%%%:   85-block  0
    #####:   86:        else if (command == "watch")
    %%%%%:   86-block  0
call    0 never executed
branch  1 never executed
branch  2 never executed
        -:   87:        {
    #####:   88:            watchStart();
    %%%%%:   88-block  0
call    0 never executed
branch  1 never executed
branch  2 never executed
    #####:   89:            std::cout << '\n';
    %%%%%:   89-block  0
call    0 never executed
branch  1 never executed
branch  2 never executed
        -:   90:        }
    #####:   91:        else if (command == "show")
    %%%%%:   91-block  0
call    0 never executed
branch  1 never executed
branch  2 never executed
        -:   92:        {
    #####:   93:            printWatchList();
    %%%%%:   93-block  0
call    0 never executed
branch  1 never executed
branch  2 never executed
    #####:   94:            std::cout << '\n';
    %%%%%:   94-block  0
call    0 never executed
branch  1 never executed
branch  2 never executed
        -:   95:        }
    #####:   96:        else if (command == "delete")
    %%%%%:   96-block  0
call    0 never executed
branch  1 never executed
branch  2 never executed
        -:   97:        {
    #####:   98:            int var = userDelete();
    %%%%%:   98-block  0
call    0 never executed
branch  1 never executed
branch  2 never executed
    #####:   99:            if (var == 0)
    %%%%%:   99-block  0
branch  0 never executed
branch  1 never executed
    #####:  100:                std::cout << "Error!!!\n";
    %%%%%:  100-block  0
call    0 never executed
branch  1 never executed
branch  2 never executed
    #####:  101:            std::cout << '\n';
    %%%%%:  101-block  0
call    0 never executed
branch  1 never executed
branch  2 never executed
        -:  102:        }
        -:  103:        else
    #####:  104:            std::cout << "Invalid command!\n\n";
    %%%%%:  104-block  0
call    0 never executed
branch  1 never executed
branch  2 never executed
    #####:  105:    }
    %%%%%:  105-block  0
    %%%%%:  105-block  1
call    0 never executed
branch  1 never executed
branch  2 never executed
    %%%%%:  105-block  2
    $$$$$:  105-block  3
call    3 never executed
    #####:  106:}
    %%%%%:  106-block  0
        -:  107:
function _ZN2UI15addMovieServiceEv called 0 returned 0% blocks executed 0%
    #####:  108:int UI::addMovieService() {
    #####:  109:    std::string title, genre, year, likes, trailer;
    %%%%%:  109-block  0
call    0 never executed
call    1 never executed
call    2 never executed
call    3 never executed
call    4 never executed
    #####:  110:    std::cout << "Enter title: ";
call    0 never executed
branch  1 never executed
branch  2 never executed
    #####:  111:    std::getline(std::cin, title);
    %%%%%:  111-block  0
call    0 never executed
branch  1 never executed
branch  2 never executed
    #####:  112:    std::cout << "Enter genre: ";
    %%%%%:  112-block  0
call    0 never executed
branch  1 never executed
branch  2 never executed
    #####:  113:    std::getline(std::cin, genre);
    %%%%%:  113-block  0
call    0 never executed
branch  1 never executed
branch  2 never executed
    #####:  114:    std::cout << "Enter year: ";
    %%%%%:  114-block  0
call    0 never executed
branch  1 never executed
branch  2 never executed
    #####:  115:    std::getline(std::cin, year);
    %%%%%:  115-block  0
call    0 never executed
branch  1 never executed
branch  2 never executed
    #####:  116:    std::cout << "Enter number of likes: ";
    %%%%%:  116-block  0
call    0 never executed
branch  1 never executed
branch  2 never executed
    #####:  117:    std::getline(std::cin, likes);
    %%%%%:  117-block  0
call    0 never executed
branch  1 never executed
branch  2 never executed
    #####:  118:    std::cout << "Enter trailer link: ";
    %%%%%:  118-block  0
call    0 never executed
branch  1 never executed
branch  2 never executed
    #####:  119:    std::getline(std::cin, trailer);
    %%%%%:  119-block  0
call    0 never executed
branch  1 never executed
branch  2 never executed
    #####:  120:    if (verifyMovie(genre, year, likes))
    %%%%%:  120-block  0
call    0 never executed
branch  1 never executed
branch  2 never executed
    %%%%%:  120-block  1
branch  3 never executed
branch  4 never executed
    #####:  121:        return this->service.addRepository(Movie(title, genre, stoi(year), stoi(likes), trailer));
    %%%%%:  121-block  0
call    0 never executed
branch  1 never executed
branch  2 never executed
    %%%%%:  121-block  1
call    3 never executed
branch  4 never executed
branch  5 never executed
    %%%%%:  121-block  2
call    6 never executed
branch  7 never executed
branch  8 never executed
    %%%%%:  121-block  3
call    9 never executed
branch 10 never executed
branch 11 never executed
    %%%%%:  121-block  4
call   12 never executed
branch 13 never executed
branch 14 never executed
    %%%%%:  121-block  5
call   15 never executed
branch 16 never executed
branch 17 never executed
    %%%%%:  121-block  6
call   18 never executed
branch 19 never executed
branch 20 never executed
    %%%%%:  121-block  7
    %%%%%:  121-block  8
call   21 never executed
call   22 never executed
call   23 never executed
call   24 never executed
    $$$$$:  121-block  9
call   25 never executed
    $$$$$:  121-block 10
    $$$$$:  121-block 11
call   26 never executed
    $$$$$:  121-block 12
    $$$$$:  121-block 13
call   27 never executed
    $$$$$:  121-block 14
    $$$$$:  121-block 15
call   28 never executed
    $$$$$:  121-block 16
    #####:  122:    return 0;
    %%%%%:  122-block  0
    #####:  123:}
    %%%%%:  123-block  0
call    0 never executed
call    1 never executed
call    2 never executed
call    3 never executed
call    4 never executed
    $$$$$:  123-block  1
call    5 never executed
    $$$$$:  123-block  2
call    6 never executed
    $$$$$:  123-block  3
call    7 never executed
    $$$$$:  123-block  4
call    8 never executed
    $$$$$:  123-block  5
call    9 never executed
        -:  124:
function _ZN2UI18deleteMovieServiceEv called 0 returned 0% blocks executed 0%
    #####:  125:int UI::deleteMovieService() {
    #####:  126:    std::string position;
    %%%%%:  126-block  0
call    0 never executed
    #####:  127:    std::cout << "Enter position: ";
call    0 never executed
branch  1 never executed
branch  2 never executed
    #####:  128:    std::getline(std::cin, position);
    %%%%%:  128-block  0
call    0 never executed
branch  1 never executed
branch  2 never executed
    #####:  129:    if (verifyPositionType(position))
    %%%%%:  129-block  0
call    0 never executed
branch  1 never executed
branch  2 never executed
    %%%%%:  129-block  1
branch  3 never executed
branch  4 never executed
    #####:  130:        return this->service.deleteRepository(stoi(position));
    %%%%%:  130-block  0
call    0 never executed
branch  1 never executed
branch  2 never executed
    %%%%%:  130-block  1
call    3 never executed
branch  4 never executed
branch  5 never executed
    %%%%%:  130-block  2
    #####:  131:    return 0;
    %%%%%:  131-block  0
    #####:  132:}
    %%%%%:  132-block  0
call    0 never executed
    $$$$$:  132-block  1
call    1 never executed
        -:  133:
function _ZN2UI18updateMovieServiceEv called 0 returned 0% blocks executed 0%
    #####:  134:int UI::updateMovieService() {
    #####:  135:    std::string position;
    %%%%%:  135-block  0
call    0 never executed
    #####:  136:    std::cout << "Enter position: ";
call    0 never executed
branch  1 never executed
branch  2 never executed
    #####:  137:    std::getline(std::cin, position);
    %%%%%:  137-block  0
call    0 never executed
branch  1 never executed
branch  2 never executed
    #####:  138:    std::string title, genre, year, likes, trailer;
    %%%%%:  138-block  0
call    0 never executed
call    1 never executed
call    2 never executed
call    3 never executed
call    4 never executed
    #####:  139:    std::cout << "Enter title: ";
call    0 never executed
branch  1 never executed
branch  2 never executed
    #####:  140:    std::getline(std::cin, title);
    %%%%%:  140-block  0
call    0 never executed
branch  1 never executed
branch  2 never executed
    #####:  141:    std::cout << "Enter genre: ";
    %%%%%:  141-block  0
call    0 never executed
branch  1 never executed
branch  2 never executed
    #####:  142:    std::getline(std::cin, genre);
    %%%%%:  142-block  0
call    0 never executed
branch  1 never executed
branch  2 never executed
    #####:  143:    std::cout << "Enter year: ";
    %%%%%:  143-block  0
call    0 never executed
branch  1 never executed
branch  2 never executed
    #####:  144:    std::getline(std::cin, year);
    %%%%%:  144-block  0
call    0 never executed
branch  1 never executed
branch  2 never executed
    #####:  145:    std::cout << "Enter number of likes: ";
    %%%%%:  145-block  0
call    0 never executed
branch  1 never executed
branch  2 never executed
    #####:  146:    std::getline(std::cin, likes);
    %%%%%:  146-block  0
call    0 never executed
branch  1 never executed
branch  2 never executed
    #####:  147:    std::cout << "Enter trailer link: ";
    %%%%%:  147-block  0
call    0 never executed
branch  1 never executed
branch  2 never executed
    #####:  148:    std::getline(std::cin, trailer);
    %%%%%:  148-block  0
call    0 never executed
branch  1 never executed
branch  2 never executed
    #####:  149:    if (verifyPositionType(position) && verifyMovie(genre, year, likes))
    %%%%%:  149-block  0
call    0 never executed
branch  1 never executed
branch  2 never executed
    %%%%%:  149-block  1
branch  3 never executed
branch  4 never executed
    %%%%%:  149-block  2
call    5 never executed
branch  6 never executed
branch  7 never executed
    %%%%%:  149-block  3
branch  8 never executed
branch  9 never executed
    %%%%%:  149-block  4
    %%%%%:  149-block  5
    %%%%%:  149-block  6
branch 10 never executed
branch 11 never executed
    #####:  150:        return this->service.updateRepository(stoi(position), Movie(title, genre, stoi(year), stoi(likes), trailer));
    %%%%%:  150-block  0
call    0 never executed
branch  1 never executed
branch  2 never executed
    %%%%%:  150-block  1
call    3 never executed
branch  4 never executed
branch  5 never executed
    %%%%%:  150-block  2
call    6 never executed
branch  7 never executed
branch  8 never executed
    %%%%%:  150-block  3
call    9 never executed
branch 10 never executed
branch 11 never executed
    %%%%%:  150-block  4
call   12 never executed
branch 13 never executed
branch 14 never executed
    %%%%%:  150-block  5
call   15 never executed
branch 16 never executed
branch 17 never executed
    %%%%%:  150-block  6
call   18 never executed
branch 19 never executed
branch 20 never executed
    %%%%%:  150-block  7
call   21 never executed
branch 22 never executed
branch 23 never executed
    %%%%%:  150-block  8
    %%%%%:  150-block  9
call   24 never executed
call   25 never executed
call   26 never executed
call   27 never executed
    $$$$$:  150-block 10
call   28 never executed
    $$$$$:  150-block 11
    $$$$$:  150-block 12
call   29 never executed
    $$$$$:  150-block 13
    $$$$$:  150-block 14
call   30 never executed
    $$$$$:  150-block 15
    $$$$$:  150-block 16
call   31 never executed
    $$$$$:  150-block 17
    #####:  151:    return 0;
    %%%%%:  151-block  0
    #####:  152:}
    %%%%%:  152-block  0
call    0 never executed
call    1 never executed
call    2 never executed
call    3 never executed
call    4 never executed
call    5 never executed
    $$$$$:  152-block  1
call    6 never executed
    $$$$$:  152-block  2
call    7 never executed
    $$$$$:  152-block  3
call    8 never executed
    $$$$$:  152-block  4
call    9 never executed
    $$$$$:  152-block  5
call   10 never executed
    $$$$$:  152-block  6
call   11 never executed
        -:  153:
function _ZN2UI13listAllMoviesEv called 0 returned 0% blocks executed 0%
    #####:  154:void UI::listAllMovies() {
    #####:  155:    DynamicVector<Movie> ls = this->service.getAllRepository();
    %%%%%:  155-block  0
call    0 never executed
branch  1 never executed
branch  2 never executed
    #####:  156:    for (int i = 0; i < ls.getSize(); i++) {
    %%%%%:  156-block  0
    %%%%%:  156-block  1
call    0 never executed
branch  1 never executed
branch  2 never executed
    #####:  157:        std::cout << "Movie " << i << ls[i].toString() << "\n\n";
    %%%%%:  157-block  0
call    0 never executed
branch  1 never executed
branch  2 never executed
    %%%%%:  157-block  1
call    3 never executed
branch  4 never executed
branch  5 never executed
    %%%%%:  157-block  2
call    6 never executed
branch  7 never executed
branch  8 never executed
    %%%%%:  157-block  3
call    9 never executed
branch 10 never executed
branch 11 never executed
    %%%%%:  157-block  4
call   12 never executed
branch 13 never executed
branch 14 never executed
    %%%%%:  157-block  5
call   15 never executed
branch 16 never executed
branch 17 never executed
    %%%%%:  157-block  6
call   18 never executed
call   19 never executed
    $$$$$:  157-block  7
call   20 never executed
    $$$$$:  157-block  8
    $$$$$:  157-block  9
call   21 never executed
    $$$$$:  157-block 10
        -:  158:    }
    #####:  159:}
    %%%%%:  159-block  0
        -:  160:
function _ZN2UI10watchStartEv called 0 returned 0% blocks executed 0%
    #####:  161:void UI::watchStart() {
    #####:  162:    std::cout << "Please insert the genre: ";
    %%%%%:  162-block  0
call    0 never executed
branch  1 never executed
branch  2 never executed
    #####:  163:    std::string genre;
    %%%%%:  163-block  0
call    0 never executed
    #####:  164:    std::getline(std::cin, genre);
call    0 never executed
branch  1 never executed
branch  2 never executed
    #####:  165:    WatchList ls = this->service.filterMoviesByGenre(genre);
    %%%%%:  165-block  0
call    0 never executed
branch  1 never executed
branch  2 never executed
    #####:  166:    Movie movie;
    %%%%%:  166-block  0
call    0 never executed
branch  1 never executed
branch  2 never executed
    #####:  167:    std::string command;
    %%%%%:  167-block  0
call    0 never executed
    #####:  168:    while(ls.getSize() != 0)
    %%%%%:  168-block  0
call    0 never executed
branch  1 never executed
branch  2 never executed
    %%%%%:  168-block  1
branch  3 never executed
branch  4 never executed
        -:  169:    {
    #####:  170:        printWatchMenu();
    %%%%%:  170-block  0
call    0 never executed
branch  1 never executed
branch  2 never executed
    #####:  171:        ls.play();
    %%%%%:  171-block  0
call    0 never executed
branch  1 never executed
branch  2 never executed
    #####:  172:        movie = ls.getCurrentMovie();
    %%%%%:  172-block  0
call    0 never executed
branch  1 never executed
branch  2 never executed
    %%%%%:  172-block  1
call    3 never executed
call    4 never executed
    #####:  173:        std::cout << movie.toString() << "\n>> ";
call    0 never executed
branch  1 never executed
branch  2 never executed
    %%%%%:  173-block  0
call    3 never executed
branch  4 never executed
branch  5 never executed
    %%%%%:  173-block  1
call    6 never executed
branch  7 never executed
branch  8 never executed
    %%%%%:  173-block  2
call    9 never executed
    $$$$$:  173-block  3
call   10 never executed
    $$$$$:  173-block  4
    #####:  174:        std::getline(std::cin, command);
call    0 never executed
branch  1 never executed
branch  2 never executed
    #####:  175:        if (command == "exit")
    %%%%%:  175-block  0
call    0 never executed
branch  1 never executed
branch  2 never executed
    #####:  176:            break;
    %%%%%:  176-block  0
    #####:  177:        else if (command == "add")
    %%%%%:  177-block  0
call    0 never executed
branch  1 never executed
branch  2 never executed
        -:  178:        {
    #####:  179:            this->service.addWatchList(movie);
    %%%%%:  179-block  0
call    0 never executed
branch  1 never executed
branch  2 never executed
    #####:  180:            ls.deleteMovie(movie);
    %%%%%:  180-block  0
call    0 never executed
branch  1 never executed
branch  2 never executed
        -:  181:        }
    #####:  182:        else if (command == "next")
    %%%%%:  182-block  0
call    0 never executed
branch  1 never executed
branch  2 never executed
    #####:  183:            ls.next();
    %%%%%:  183-block  0
call    0 never executed
branch  1 never executed
branch  2 never executed
        -:  184:    }
    #####:  185:    if (ls.getSize() == 0)
    %%%%%:  185-block  0
call    0 never executed
branch  1 never executed
branch  2 never executed
    %%%%%:  185-block  1
branch  3 never executed
branch  4 never executed
    #####:  186:        std::cout << "There are no movies!\n";
    %%%%%:  186-block  0
call    0 never executed
branch  1 never executed
branch  2 never executed
        -:  187:
    #####:  188:}
    %%%%%:  188-block  0
call    0 never executed
call    1 never executed
call    2 never executed
    $$$$$:  188-block  1
call    3 never executed
    $$$$$:  188-block  2
call    4 never executed
    $$$$$:  188-block  3
call    5 never executed
        -:  189:
function _ZN2UI14printWatchListEv called 0 returned 0% blocks executed 0%
    #####:  190:void UI::printWatchList() {
    #####:  191:    DynamicVector<Movie> ls = this->service.getAllWatchList();
    %%%%%:  191-block  0
call    0 never executed
branch  1 never executed
branch  2 never executed
    #####:  192:    for (int i = 0; i < ls.getSize(); ++i)
    %%%%%:  192-block  0
    %%%%%:  192-block  1
call    0 never executed
branch  1 never executed
branch  2 never executed
    #####:  193:        std::cout << "Movie " << i << ls[i].toString() << "\n\n";
    %%%%%:  193-block  0
call    0 never executed
branch  1 never executed
branch  2 never executed
    %%%%%:  193-block  1
call    3 never executed
branch  4 never executed
branch  5 never executed
    %%%%%:  193-block  2
call    6 never executed
branch  7 never executed
branch  8 never executed
    %%%%%:  193-block  3
call    9 never executed
branch 10 never executed
branch 11 never executed
    %%%%%:  193-block  4
call   12 never executed
branch 13 never executed
branch 14 never executed
    %%%%%:  193-block  5
call   15 never executed
branch 16 never executed
branch 17 never executed
    %%%%%:  193-block  6
call   18 never executed
call   19 never executed
    $$$$$:  193-block  7
call   20 never executed
    $$$$$:  193-block  8
    $$$$$:  193-block  9
call   21 never executed
    $$$$$:  193-block 10
    #####:  194:}
    %%%%%:  194-block  0
        -:  195:
function _ZN2UI10userDeleteEv called 0 returned 0% blocks executed 0%
    #####:  196:int UI::userDelete() {
    #####:  197:    std::string position, like;
    %%%%%:  197-block  0
call    0 never executed
call    1 never executed
        -:  198:    int pos;
    #####:  199:    std::cout << "Enter the position: ";
call    0 never executed
branch  1 never executed
branch  2 never executed
    #####:  200:    std::getline(std::cin, position);
    %%%%%:  200-block  0
call    0 never executed
branch  1 never executed
branch  2 never executed
    #####:  201:    std::cout << "Did you like the movie? yes/no: ";
    %%%%%:  201-block  0
call    0 never executed
branch  1 never executed
branch  2 never executed
    #####:  202:    std::getline(std::cin, like);
    %%%%%:  202-block  0
call    0 never executed
branch  1 never executed
branch  2 never executed
    #####:  203:    if (!verifyPositionType(position))
    %%%%%:  203-block  0
call    0 never executed
branch  1 never executed
branch  2 never executed
    %%%%%:  203-block  1
branch  3 never executed
branch  4 never executed
    #####:  204:        return 0;
    %%%%%:  204-block  0
    #####:  205:    pos = stoi(position);
    %%%%%:  205-block  0
call    0 never executed
branch  1 never executed
branch  2 never executed
    #####:  206:    if (pos < 0 || pos >= this->service.getWatchList().getSize()) {
    %%%%%:  206-block  0
branch  0 never executed
branch  1 never executed
    %%%%%:  206-block  1
call    2 never executed
branch  3 never executed
branch  4 never executed
    %%%%%:  206-block  2
call    5 never executed
branch  6 never executed
branch  7 never executed
    %%%%%:  206-block  3
branch  8 never executed
branch  9 never executed
    %%%%%:  206-block  4
    %%%%%:  206-block  5
    %%%%%:  206-block  6
branch 10 never executed
branch 11 never executed
    $$$$$:  206-block  7
    #####:  207:        return 0;
    %%%%%:  207-block  0
        -:  208:    }
    #####:  209:    if (like == "yes" || like == "y"){
    %%%%%:  209-block  0
call    0 never executed
branch  1 never executed
branch  2 never executed
    %%%%%:  209-block  1
call    3 never executed
branch  4 never executed
branch  5 never executed
    %%%%%:  209-block  2
    %%%%%:  209-block  3
    %%%%%:  209-block  4
branch  6 never executed
branch  7 never executed
    #####:  210:        int repositoryPosition = this->service.getRepository().findPositionOfMovie(this->service.getWatchList()[pos]);
    %%%%%:  210-block  0
call    0 never executed
branch  1 never executed
branch  2 never executed
    %%%%%:  210-block  1
call    3 never executed
branch  4 never executed
branch  5 never executed
    %%%%%:  210-block  2
call    6 never executed
branch  7 never executed
branch  8 never executed
    %%%%%:  210-block  3
call    9 never executed
branch 10 never executed
branch 11 never executed
    %%%%%:  210-block  4
call   12 never executed
    $$$$$:  210-block  5
call   13 never executed
    $$$$$:  210-block  6
    $$$$$:  210-block  7
    $$$$$:  210-block  8
    #####:  211:        this->service.getRepository()[repositoryPosition].incrementLikes();
call    0 never executed
branch  1 never executed
branch  2 never executed
    %%%%%:  211-block  0
call    3 never executed
branch  4 never executed
branch  5 never executed
    %%%%%:  211-block  1
call    6 never executed
branch  7 never executed
branch  8 never executed
    %%%%%:  211-block  2
call    9 never executed
    $$$$$:  211-block  3
call   10 never executed
    $$$$$:  211-block  4
    $$$$$:  211-block  5
        -:  212:    }
    #####:  213:    return this->service.deleteWatchList(pos);
    %%%%%:  213-block  0
call    0 never executed
branch  1 never executed
branch  2 never executed
    %%%%%:  213-block  1
    #####:  214:}
    %%%%%:  214-block  0
call    0 never executed
call    1 never executed
    $$$$$:  214-block  1
call    2 never executed
    $$$$$:  214-block  2
call    3 never executed
        -:  215:
function _ZN2UI14printStartMenuEv called 1 returned 100% blocks executed 100%
        1:  216:void UI::printStartMenu() {
        1:  217:    std::cout << "(Enter exit to shut down the program!)\n";
        1:  217-block  0
call    0 returned 1
        1:  218:    std::cout << "Please select your mode: admin / user\n";
call    0 returned 1
        1:  219:    std::cout << "Mode: ";
call    0 returned 1
        1:  220:}
        -:  221:
function _ZN2UI14printAdminMenuEv called 0 returned 0% blocks executed 0%
    #####:  222:void UI::printAdminMenu() {
    #####:  223:    std::cout << "add - Add a movie\n";
    %%%%%:  223-block  0
call    0 never executed
    #####:  224:    std::cout << "delete - Delete a movie\n";
call    0 never executed
    #####:  225:    std::cout << "update - Update a movie\n";
call    0 never executed
    #####:  226:    std::cout << "list - List all movies\n";
call    0 never executed
    #####:  227:    std::cout << "exit - exit admin mode\n\n";
call    0 never executed
    #####:  228:}
        -:  229:
function _ZN2UI13printUserMenuEv called 0 returned 0% blocks executed 0%
    #####:  230:void UI::printUserMenu() {
    #####:  231:    std::cout << "watch - See the movies by genre\n";
    %%%%%:  231-block  0
call    0 never executed
    #####:  232:    std::cout << "delete - Delete Movie from the WatchList by title\n";
call    0 never executed
    #####:  233:    std::cout << "show - See the WatchList\n";
call    0 never executed
    #####:  234:    std::cout << "exit - exit user mode\n\n";
call    0 never executed
    #####:  235:}
        -:  236:
function _ZN2UI14printWatchMenuEv called 0 returned 0% blocks executed 0%
    #####:  237:void UI::printWatchMenu() {
    #####:  238:    std::cout << "You can: \n";
    %%%%%:  238-block  0
call    0 never executed
    #####:  239:    std::cout << "next - go to the next element\n";
call    0 never executed
    #####:  240:    std::cout << "add - add to the WatchList\n";
call    0 never executed
    #####:  241:    std::cout << "exit - to exit\n";
call    0 never executed
    #####:  242:}
        -:  243:
function _ZN2UI11verifyMovieERKNSt7__cxx1112basic_stringIcSt11char_traitsIcESaIcEEES7_S7_ called 0 returned 0% blocks executed 0%
    #####:  244:bool UI::verifyMovie(const std::string& genre, const std::string& year, const std::string& likes) {
    #####:  245:    std::string numbers = "1234567890";
    %%%%%:  245-block  0
call    0 never executed
call    1 never executed
branch  2 never executed
branch  3 never executed
    $$$$$:  245-block  1
    #####:  246:    char symbolsAndNumbers[] = "1234567890!@#$%^&*?";
    #####:  247:    if (year.size() != 4)
call    0 never executed
branch  1 never executed
branch  2 never executed
    #####:  248:        return false;
    %%%%%:  248-block  0
    #####:  249:    if (genre.size() < 2)
    %%%%%:  249-block  0
call    0 never executed
branch  1 never executed
branch  2 never executed
    #####:  250:        return false;
    %%%%%:  250-block  0
    #####:  251:    for (char i : year)
    %%%%%:  251-block  0
call    0 never executed
call    1 never executed
    %%%%%:  251-block  1
call    2 never executed
    %%%%%:  251-block  2
call    3 never executed
    %%%%%:  251-block  3
call    4 never executed
branch  5 never executed
branch  6 never executed
    #####:  252:        if (numbers.find(i) == std::string::npos)
call    0 never executed
branch  1 never executed
branch  2 never executed
    #####:  253:            return false;
    %%%%%:  253-block  0
    #####:  254:    for (char like : likes)
    %%%%%:  254-block  0
call    0 never executed
call    1 never executed
    %%%%%:  254-block  1
call    2 never executed
    %%%%%:  254-block  2
call    3 never executed
    %%%%%:  254-block  3
call    4 never executed
branch  5 never executed
branch  6 never executed
    #####:  255:        if (numbers.find(like) == std::string::npos)
call    0 never executed
branch  1 never executed
branch  2 never executed
    #####:  256:            return false;
    %%%%%:  256-block  0
    #####:  257:    for (int i = 0; i < strlen(symbolsAndNumbers); ++i) {
    %%%%%:  257-block  0
    %%%%%:  257-block  1
    %%%%%:  257-block  2
branch  0 never executed
branch  1 never executed
    #####:  258:        if (genre.find(numbers[i]) != std::string::npos)
    %%%%%:  258-block  0
call    0 never executed
branch  1 never executed
branch  2 never executed
    %%%%%:  258-block  1
call    3 never executed
branch  4 never executed
branch  5 never executed
    #####:  259:            return false;
    %%%%%:  259-block  0
        -:  260:    }
    #####:  261:    return true;
    %%%%%:  261-block  0
    #####:  262:}
    %%%%%:  262-block  0
call    0 never executed
    $$$$$:  262-block  1
call    1 never executed
        -:  263:
function _ZN2UI18verifyPositionTypeERKNSt7__cxx1112basic_stringIcSt11char_traitsIcESaIcEEE called 0 returned 0% blocks executed 0%
    #####:  264:bool UI::verifyPositionType(const std::string& position) {
    #####:  265:    std::string numbers = "1234567890";
    %%%%%:  265-block  0
call    0 never executed
call    1 never executed
branch  2 never executed
branch  3 never executed
    $$$$$:  265-block  1
    #####:  266:    if (position.empty())
call    0 never executed
branch  1 never executed
branch  2 never executed
    #####:  267:        return false;
    %%%%%:  267-block  0
    #####:  268:    for (char i: position) {
    %%%%%:  268-block  0
call    0 never executed
call    1 never executed
    %%%%%:  268-block  1
call    2 never executed
    %%%%%:  268-block  2
call    3 never executed
    %%%%%:  268-block  3
call    4 never executed
branch  5 never executed
branch  6 never executed
    #####:  269:        if (numbers.find(i) == std::string::npos)
call    0 never executed
branch  1 never executed
branch  2 never executed
    #####:  270:            return false;
    %%%%%:  270-block  0
        -:  271:    }
    #####:  272:    return true;
    %%%%%:  272-block  0
    #####:  273:}
    %%%%%:  273-block  0
call    0 never executed
        -:  274:
function _ZN2UI14initializationEv called 1 returned 100% blocks executed 47%
        1:  275:void UI::initialization() {
        2:  276:    Movie m = Movie("Bad Boys", "Action", 1995, 17796764, "https://www.youtube.com/watch?v=OLYENHi4IIc");
        1:  276-block  0
call    0 returned 1
call    1 returned 1
branch  2 taken 1 (fallthrough)
branch  3 taken 0 (throw)
        1:  276-block  1
call    4 returned 1
call    5 returned 1
branch  6 taken 1 (fallthrough)
branch  7 taken 0 (throw)
        1:  276-block  2
call    8 returned 1
call    9 returned 1
branch 10 taken 1 (fallthrough)
branch 11 taken 0 (throw)
        1:  276-block  3
call   12 returned 1
branch 13 taken 1 (fallthrough)
branch 14 taken 0 (throw)
call   15 returned 1
call   16 returned 1
call   17 returned 1
call   18 returned 1
call   19 returned 1
    $$$$$:  276-block  4
    $$$$$:  276-block  5
    $$$$$:  276-block  6
    $$$$$:  276-block  7
    $$$$$:  276-block  8
    $$$$$:  276-block  9
        1:  277:    this->service.addRepository(m);
call    0 returned 1
branch  1 taken 1 (fallthrough)
branch  2 taken 0 (throw)
        1:  278:    m = Movie("Harry Potter: Philosopher's Stone", "Fantasy", 2001, 921634, "https://www.youtube.com/watch?v=mNgwNXKBEW0");
        1:  278-block  0
call    0 returned 1
call    1 returned 1
branch  2 taken 1 (fallthrough)
branch  3 taken 0 (throw)
        1:  278-block  1
call    4 returned 1
call    5 returned 1
branch  6 taken 1 (fallthrough)
branch  7 taken 0 (throw)
        1:  278-block  2
call    8 returned 1
call    9 returned 1
branch 10 taken 1 (fallthrough)
branch 11 taken 0 (throw)
        1:  278-block  3
call   12 returned 1
branch 13 taken 1 (fallthrough)
branch 14 taken 0 (throw)
        1:  278-block  4
call   15 returned 1
call   16 returned 1
call   17 returned 1
call   18 returned 1
call   19 returned 1
call   20 returned 1
call   21 returned 1
call   22 returned 1
    $$$$$:  278-block  5
call   23 never executed
    $$$$$:  278-block  6
    $$$$$:  278-block  7
call   24 never executed
    $$$$$:  278-block  8
    $$$$$:  278-block  9
call   25 never executed
    $$$$$:  278-block 10
    $$$$$:  278-block 11
call   26 never executed
    $$$$$:  278-block 12
    $$$$$:  278-block 13
call   27 never executed
    $$$$$:  278-block 14
    $$$$$:  278-block 15
call   28 never executed
    $$$$$:  278-block 16
        1:  279:    this->service.addRepository(m);
call    0 returned 1
branch  1 taken 1 (fallthrough)
branch  2 taken 0 (throw)
        1:  280:    m = Movie("Ride Along", "Comedy", 2014, 1345887, "https://www.youtube.com/watch?v=5klp6rkHIks");
        1:  280-block  0
call    0 returned 1
call    1 returned 1
branch  2 taken 1 (fallthrough)
branch  3 taken 0 (throw)
        1:  280-block  1
call    4 returned 1
call    5 returned 1
branch  6 taken 1 (fallthrough)
branch  7 taken 0 (throw)
        1:  280-block  2
call    8 returned 1
call    9 returned 1
branch 10 taken 1 (fallthrough)
branch 11 taken 0 (throw)
        1:  280-block  3
call   12 returned 1
branch 13 taken 1 (fallthrough)
branch 14 taken 0 (throw)
        1:  280-block  4
call   15 returned 1
call   16 returned 1
call   17 returned 1
call   18 returned 1
call   19 returned 1
call   20 returned 1
call   21 returned 1
call   22 returned 1
    $$$$$:  280-block  5
call   23 never executed
    $$$$$:  280-block  6
    $$$$$:  280-block  7
call   24 never executed
    $$$$$:  280-block  8
    $$$$$:  280-block  9
call   25 never executed
    $$$$$:  280-block 10
    $$$$$:  280-block 11
call   26 never executed
    $$$$$:  280-block 12
    $$$$$:  280-block 13
call   27 never executed
    $$$$$:  280-block 14
    $$$$$:  280-block 15
call   28 never executed
    $$$$$:  280-block 16
        1:  281:    this->service.addRepository(m);
call    0 returned 1
branch  1 taken 1 (fallthrough)
branch  2 taken 0 (throw)
        1:  282:    m = Movie("American Sniper", "Action", 2014, 350230, "https://www.youtube.com/watch?v=99k3u9ay1gs");
        1:  282-block  0
call    0 returned 1
call    1 returned 1
branch  2 taken 1 (fallthrough)
branch  3 taken 0 (throw)
        1:  282-block  1
call    4 returned 1
call    5 returned 1
branch  6 taken 1 (fallthrough)
branch  7 taken 0 (throw)
        1:  282-block  2
call    8 returned 1
call    9 returned 1
branch 10 taken 1 (fallthrough)
branch 11 taken 0 (throw)
        1:  282-block  3
call   12 returned 1
branch 13 taken 1 (fallthrough)
branch 14 taken 0 (throw)
        1:  282-block  4
call   15 returned 1
call   16 returned 1
call   17 returned 1
call   18 returned 1
call   19 returned 1
call   20 returned 1
call   21 returned 1
call   22 returned 1
    $$$$$:  282-block  5
call   23 never executed
    $$$$$:  282-block  6
    $$$$$:  282-block  7
call   24 never executed
    $$$$$:  282-block  8
    $$$$$:  282-block  9
call   25 never executed
    $$$$$:  282-block 10
    $$$$$:  282-block 11
call   26 never executed
    $$$$$:  282-block 12
    $$$$$:  282-block 13
call   27 never executed
    $$$$$:  282-block 14
    $$$$$:  282-block 15
call   28 never executed
    $$$$$:  282-block 16
        1:  283:    this->service.addRepository(m);
call    0 returned 1
branch  1 taken 1 (fallthrough)
branch  2 taken 0 (throw)
        1:  284:    m = Movie("Beauty and the Beast", "Romance", 2017, 79791, "https://www.youtube.com/watch?v=e3Nl_TCQXuw");
        1:  284-block  0
call    0 returned 1
call    1 returned 1
branch  2 taken 1 (fallthrough)
branch  3 taken 0 (throw)
        1:  284-block  1
call    4 returned 1
call    5 returned 1
branch  6 taken 1 (fallthrough)
branch  7 taken 0 (throw)
        1:  284-block  2
call    8 returned 1
call    9 returned 1
branch 10 taken 1 (fallthrough)
branch 11 taken 0 (throw)
        1:  284-block  3
call   12 returned 1
branch 13 taken 1 (fallthrough)
branch 14 taken 0 (throw)
        1:  284-block  4
call   15 returned 1
call   16 returned 1
call   17 returned 1
call   18 returned 1
call   19 returned 1
call   20 returned 1
call   21 returned 1
call   22 returned 1
    $$$$$:  284-block  5
call   23 never executed
    $$$$$:  284-block  6
    $$$$$:  284-block  7
call   24 never executed
    $$$$$:  284-block  8
    $$$$$:  284-block  9
call   25 never executed
    $$$$$:  284-block 10
    $$$$$:  284-block 11
call   26 never executed
    $$$$$:  284-block 12
    $$$$$:  284-block 13
call   27 never executed
    $$$$$:  284-block 14
    $$$$$:  284-block 15
call   28 never executed
    $$$$$:  284-block 16
        1:  285:    this->service.addRepository(m);
call    0 returned 1
branch  1 taken 1 (fallthrough)
branch  2 taken 0 (throw)
        1:  286:    m = Movie("Minions", "Animation", 2015, 157889, "https://www.youtube.com/watch?v=SvKmSNxFHyQ");
        1:  286-block  0
call    0 returned 1
call    1 returned 1
branch  2 taken 1 (fallthrough)
branch  3 taken 0 (throw)
        1:  286-block  1
call    4 returned 1
call    5 returned 1
branch  6 taken 1 (fallthrough)
branch  7 taken 0 (throw)
        1:  286-block  2
call    8 returned 1
call    9 returned 1
branch 10 taken 1 (fallthrough)
branch 11 taken 0 (throw)
        1:  286-block  3
call   12 returned 1
branch 13 taken 1 (fallthrough)
branch 14 taken 0 (throw)
        1:  286-block  4
call   15 returned 1
call   16 returned 1
call   17 returned 1
call   18 returned 1
call   19 returned 1
call   20 returned 1
call   21 returned 1
call   22 returned 1
    $$$$$:  286-block  5
call   23 never executed
    $$$$$:  286-block  6
    $$$$$:  286-block  7
call   24 never executed
    $$$$$:  286-block  8
    $$$$$:  286-block  9
call   25 never executed
    $$$$$:  286-block 10
    $$$$$:  286-block 11
call   26 never executed
    $$$$$:  286-block 12
    $$$$$:  286-block 13
call   27 never executed
    $$$$$:  286-block 14
    $$$$$:  286-block 15
call   28 never executed
    $$$$$:  286-block 16
        1:  287:    this->service.addRepository(m);
call    0 returned 1
branch  1 taken 1 (fallthrough)
branch  2 taken 0 (throw)
        1:  288:    m = Movie("Frozen", "Animation", 2013, 448325, "https://www.youtube.com/watch?v=TbQm5doF_Uc");
        1:  288-block  0
call    0 returned 1
call    1 returned 1
branch  2 taken 1 (fallthrough)
branch  3 taken 0 (throw)
        1:  288-block  1
call    4 returned 1
call    5 returned 1
branch  6 taken 1 (fallthrough)
branch  7 taken 0 (throw)
        1:  288-block  2
call    8 returned 1
call    9 returned 1
branch 10 taken 1 (fallthrough)
branch 11 taken 0 (throw)
        1:  288-block  3
call   12 returned 1
branch 13 taken 1 (fallthrough)
branch 14 taken 0 (throw)
        1:  288-block  4
call   15 returned 1
call   16 returned 1
call   17 returned 1
call   18 returned 1
call   19 returned 1
call   20 returned 1
call   21 returned 1
call   22 returned 1
    $$$$$:  288-block  5
call   23 never executed
    $$$$$:  288-block  6
    $$$$$:  288-block  7
call   24 never executed
    $$$$$:  288-block  8
    $$$$$:  288-block  9
call   25 never executed
    $$$$$:  288-block 10
    $$$$$:  288-block 11
call   26 never executed
    $$$$$:  288-block 12
    $$$$$:  288-block 13
call   27 never executed
    $$$$$:  288-block 14
    $$$$$:  288-block 15
call   28 never executed
    $$$$$:  288-block 16
        1:  289:    this->service.addRepository(m);
call    0 returned 1
branch  1 taken 1 (fallthrough)
branch  2 taken 0 (throw)
        1:  290:}
        1:  290-block  0
call    0 returned 1
    $$$$$:  290-block  1
call    1 never executed
