        -:    0:Source:D:/CLion/a8-9-916-Lucas-Sipos/Repository/CSVWatchList.cpp
        -:    0:Graph:D:\CLion\a8-9-916-Lucas-Sipos\cmake-build-debug-coverage\CMakeFiles\a8-9-916-Lucas-Sipos.dir\Repository\CSVWatchList.cpp.gcno
        -:    0:Data:D:\CLion\a8-9-916-Lucas-Sipos\cmake-build-debug-coverage\CMakeFiles\a8-9-916-Lucas-Sipos.dir\Repository\CSVWatchList.cpp.gcda
        -:    0:Runs:1
        -:    1:#include "CSVWatchList.h"
        -:    2:
function _ZN12CSVWatchListC2Ev called 2 returned 100% blocks executed 100%
        2:    3:CSVWatchList::CSVWatchList() = default;
        2:    3-block  0
call    0 returned 2
        -:    4:
        -:    5:
function _ZN12CSVWatchListD2Ev called 0 returned 0% blocks executed 0%
    #####:    6:CSVWatchList::~CSVWatchList() = default;
    %%%%%:    6-block  0
call    0 never executed
        -:    7:
function _ZN12CSVWatchList10saveToFileEv called 0 returned 0% blocks executed 0%
    #####:    8:void CSVWatchList::saveToFile()
        -:    9:{
    #####:   10:    std::ofstream f("watchlist.csv");
    %%%%%:   10-block  0
call    0 never executed
branch  1 never executed
branch  2 never executed
    #####:   11:    for (const auto& movie : this->movies)
    %%%%%:   11-block  0
call    0 never executed
call    1 never executed
    %%%%%:   11-block  1
call    2 never executed
    %%%%%:   11-block  2
call    3 never executed
    %%%%%:   11-block  3
call    4 never executed
branch  5 never executed
branch  6 never executed
    #####:   12:        f << movie << "\n";
call    0 never executed
branch  1 never executed
branch  2 never executed
    %%%%%:   12-block  0
call    3 never executed
branch  4 never executed
branch  5 never executed
    #####:   13:    f.close();
    %%%%%:   13-block  0
call    0 never executed
branch  1 never executed
branch  2 never executed
    #####:   14:}
    %%%%%:   14-block  0
call    0 never executed
    $$$$$:   14-block  1
call    1 never executed
        -:   15:
function _ZN12CSVWatchList9openInAppEv called 0 returned 0% blocks executed 0%
    #####:   16:void CSVWatchList::openInApp()
        -:   17:{
    #####:   18:    system("notepad.exe watchlist.csv");
    %%%%%:   18-block  0
call    0 never executed
    #####:   19:}
