        -:    0:Source:D:/CLion/a8-9-916-Lucas-Sipos/Repository/HTMLWatchList.cpp
        -:    0:Graph:D:\CLion\a8-9-916-Lucas-Sipos\cmake-build-debug-coverage\CMakeFiles\a8-9-916-Lucas-Sipos.dir\Repository\HTMLWatchList.cpp.gcno
        -:    0:Data:D:\CLion\a8-9-916-Lucas-Sipos\cmake-build-debug-coverage\CMakeFiles\a8-9-916-Lucas-Sipos.dir\Repository\HTMLWatchList.cpp.gcda
        -:    0:Runs:1
        -:    1:#include "HTMLWatchList.h"
        -:    2:#include <Windows.h>
        -:    3:#include <shellapi.h>
        -:    4:
function _ZN13HTMLWatchListC2Ev called 2 returned 100% blocks executed 100%
        2:    5:HTMLWatchList::HTMLWatchList() = default;
        2:    5-block  0
call    0 returned 2
        -:    6:
        -:    7:
function _ZN13HTMLWatchListD2Ev called 0 returned 0% blocks executed 0%
    #####:    8:HTMLWatchList::~HTMLWatchList() = default;
    %%%%%:    8-block  0
call    0 never executed
        -:    9:
function _ZN13HTMLWatchList10saveToFileEv called 0 returned 0% blocks executed 0%
    #####:   10:void HTMLWatchList::saveToFile()
        -:   11:{
    #####:   12:    std::ofstream f("watchlist.html");
    %%%%%:   12-block  0
call    0 never executed
branch  1 never executed
branch  2 never executed
        -:   13:
    #####:   14:    f << "<!DOCTYPE html>" << "\n";
    %%%%%:   14-block  0
call    0 never executed
branch  1 never executed
branch  2 never executed
    %%%%%:   14-block  1
call    3 never executed
branch  4 never executed
branch  5 never executed
    #####:   15:    f << "<html>" << "\n";
    %%%%%:   15-block  0
call    0 never executed
branch  1 never executed
branch  2 never executed
    %%%%%:   15-block  1
call    3 never executed
branch  4 never executed
branch  5 never executed
        -:   16:
    #####:   17:    f << "<head>" << "\n";
    %%%%%:   17-block  0
call    0 never executed
branch  1 never executed
branch  2 never executed
    %%%%%:   17-block  1
call    3 never executed
branch  4 never executed
branch  5 never executed
    #####:   18:    f << "<title>Movie Playlist</title>" << "\n";
    %%%%%:   18-block  0
call    0 never executed
branch  1 never executed
branch  2 never executed
    %%%%%:   18-block  1
call    3 never executed
branch  4 never executed
branch  5 never executed
    #####:   19:    f << "</head>" << "\n";
    %%%%%:   19-block  0
call    0 never executed
branch  1 never executed
branch  2 never executed
    %%%%%:   19-block  1
call    3 never executed
branch  4 never executed
branch  5 never executed
        -:   20:
    #####:   21:    f << "<body>" << "\n";
    %%%%%:   21-block  0
call    0 never executed
branch  1 never executed
branch  2 never executed
    %%%%%:   21-block  1
call    3 never executed
branch  4 never executed
branch  5 never executed
        -:   22:
    #####:   23:    f << "<table border=\"1\">" << "\n";
    %%%%%:   23-block  0
call    0 never executed
branch  1 never executed
branch  2 never executed
    %%%%%:   23-block  1
call    3 never executed
branch  4 never executed
branch  5 never executed
        -:   24:
    #####:   25:    f << "<tr>" << "\n";
    %%%%%:   25-block  0
call    0 never executed
branch  1 never executed
branch  2 never executed
    %%%%%:   25-block  1
call    3 never executed
branch  4 never executed
branch  5 never executed
    #####:   26:    f << "<td>Title</td>" << "\n";
    %%%%%:   26-block  0
call    0 never executed
branch  1 never executed
branch  2 never executed
    %%%%%:   26-block  1
call    3 never executed
branch  4 never executed
branch  5 never executed
    #####:   27:    f << "<td>Genre</td>" << "\n";
    %%%%%:   27-block  0
call    0 never executed
branch  1 never executed
branch  2 never executed
    %%%%%:   27-block  1
call    3 never executed
branch  4 never executed
branch  5 never executed
    #####:   28:    f << "<td>Year</td>" << "\n";
    %%%%%:   28-block  0
call    0 never executed
branch  1 never executed
branch  2 never executed
    %%%%%:   28-block  1
call    3 never executed
branch  4 never executed
branch  5 never executed
    #####:   29:    f << "<td>Likes</td>" << "\n";
    %%%%%:   29-block  0
call    0 never executed
branch  1 never executed
branch  2 never executed
    %%%%%:   29-block  1
call    3 never executed
branch  4 never executed
branch  5 never executed
    #####:   30:    f << "<td>Trailer</td>" << "\n";
    %%%%%:   30-block  0
call    0 never executed
branch  1 never executed
branch  2 never executed
    %%%%%:   30-block  1
call    3 never executed
branch  4 never executed
branch  5 never executed
    #####:   31:    f << "</tr>" << "\n";
    %%%%%:   31-block  0
call    0 never executed
branch  1 never executed
branch  2 never executed
    %%%%%:   31-block  1
call    3 never executed
branch  4 never executed
branch  5 never executed
        -:   32:
    #####:   33:    for (const auto& movie : this->movies)
    %%%%%:   33-block  0
call    0 never executed
call    1 never executed
    %%%%%:   33-block  1
call    2 never executed
    %%%%%:   33-block  2
call    3 never executed
    %%%%%:   33-block  3
call    4 never executed
branch  5 never executed
branch  6 never executed
        -:   34:    {
    #####:   35:        f << "<tr>" << "\n";
call    0 never executed
branch  1 never executed
branch  2 never executed
    %%%%%:   35-block  0
call    3 never executed
branch  4 never executed
branch  5 never executed
        -:   36:
    #####:   37:        f << "<td>" << movie.getTitle() << "</td>" << "\n";
    %%%%%:   37-block  0
call    0 never executed
branch  1 never executed
branch  2 never executed
    %%%%%:   37-block  1
call    3 never executed
branch  4 never executed
branch  5 never executed
    %%%%%:   37-block  2
call    6 never executed
branch  7 never executed
branch  8 never executed
    %%%%%:   37-block  3
call    9 never executed
branch 10 never executed
branch 11 never executed
    %%%%%:   37-block  4
call   12 never executed
branch 13 never executed
branch 14 never executed
    %%%%%:   37-block  5
call   15 never executed
    $$$$$:   37-block  6
call   16 never executed
    $$$$$:   37-block  7
    #####:   38:        f << "<td>" << movie.getGenre() << "</td>" << "\n";
call    0 never executed
branch  1 never executed
branch  2 never executed
    %%%%%:   38-block  0
call    3 never executed
branch  4 never executed
branch  5 never executed
    %%%%%:   38-block  1
call    6 never executed
branch  7 never executed
branch  8 never executed
    %%%%%:   38-block  2
call    9 never executed
branch 10 never executed
branch 11 never executed
    %%%%%:   38-block  3
call   12 never executed
branch 13 never executed
branch 14 never executed
    %%%%%:   38-block  4
call   15 never executed
    $$$$$:   38-block  5
call   16 never executed
    $$$$$:   38-block  6
    #####:   39:        f << "<td>" << movie.getYear() << "</td>" << "\n";
call    0 never executed
branch  1 never executed
branch  2 never executed
    %%%%%:   39-block  0
call    3 never executed
call    4 never executed
branch  5 never executed
branch  6 never executed
    %%%%%:   39-block  1
call    7 never executed
branch  8 never executed
branch  9 never executed
    %%%%%:   39-block  2
call   10 never executed
branch 11 never executed
branch 12 never executed
    #####:   40:        f << "<td>" << movie.getLikes() << "</td>" << "\n";
    %%%%%:   40-block  0
call    0 never executed
branch  1 never executed
branch  2 never executed
    %%%%%:   40-block  1
call    3 never executed
call    4 never executed
branch  5 never executed
branch  6 never executed
    %%%%%:   40-block  2
call    7 never executed
branch  8 never executed
branch  9 never executed
    %%%%%:   40-block  3
call   10 never executed
branch 11 never executed
branch 12 never executed
    #####:   41:        f << "<td><a href =" << movie.getTrailer() << ">Link</a></td>";
    %%%%%:   41-block  0
call    0 never executed
branch  1 never executed
branch  2 never executed
    %%%%%:   41-block  1
call    3 never executed
branch  4 never executed
branch  5 never executed
    %%%%%:   41-block  2
call    6 never executed
branch  7 never executed
branch  8 never executed
    %%%%%:   41-block  3
call    9 never executed
branch 10 never executed
branch 11 never executed
    %%%%%:   41-block  4
call   12 never executed
    $$$$$:   41-block  5
call   13 never executed
    $$$$$:   41-block  6
        -:   42:
    #####:   43:        f << "</tr>" << "\n";
call    0 never executed
branch  1 never executed
branch  2 never executed
    %%%%%:   43-block  0
call    3 never executed
branch  4 never executed
branch  5 never executed
        -:   44:    }
        -:   45:
    #####:   46:    f << "</table>" << "\n";
    %%%%%:   46-block  0
call    0 never executed
branch  1 never executed
branch  2 never executed
    %%%%%:   46-block  1
call    3 never executed
branch  4 never executed
branch  5 never executed
        -:   47:
    #####:   48:    f << "</body>" << "\n";
    %%%%%:   48-block  0
call    0 never executed
branch  1 never executed
branch  2 never executed
    %%%%%:   48-block  1
call    3 never executed
branch  4 never executed
branch  5 never executed
        -:   49:
    #####:   50:    f << "</html>" << "\n";
    %%%%%:   50-block  0
call    0 never executed
branch  1 never executed
branch  2 never executed
    %%%%%:   50-block  1
call    3 never executed
branch  4 never executed
branch  5 never executed
    #####:   51:    f.close();
    %%%%%:   51-block  0
call    0 never executed
branch  1 never executed
branch  2 never executed
        -:   52:
    #####:   53:}
    %%%%%:   53-block  0
call    0 never executed
    $$$$$:   53-block  1
call    1 never executed
        -:   54:
function _ZN13HTMLWatchList9openInAppEv called 0 returned 0% blocks executed 0%
    #####:   55:void HTMLWatchList::openInApp()
        -:   56:{
    #####:   57:    ShellExecuteA(nullptr, nullptr, "chrome.exe", "file:///D:/CLion/a8-9-916-Lucas-Sipos/cmake-build-debug-coverage/watchlist.html", nullptr, SW_SHOWMAXIMIZED);
    %%%%%:   57-block  0
call    0 never executed
    #####:   58:    system("PAUSE");
call    0 never executed
    #####:   59:}
