        -:    0:Source:D:/CLion/a8-9-916-Lucas-Sipos/ExceptionsValidators/Exceptions.h
        -:    0:Graph:D:\CLion\a8-9-916-Lucas-Sipos\cmake-build-debug-coverage\CMakeFiles\a8-9-916-Lucas-Sipos.dir\Service\Service.cpp.gcno
        -:    0:Data:D:\CLion\a8-9-916-Lucas-Sipos\cmake-build-debug-coverage\CMakeFiles\a8-9-916-Lucas-Sipos.dir\Service\Service.cpp.gcda
        -:    0:Runs:1
        -:    1:#pragma once
        -:    2:#include <exception>
        -:    3:#include <string>
        -:    4:
        -:    5:class RepositoryException : public std::exception
        -:    6:{
        -:    7:protected:
        -:    8:    std::string message;
        -:    9:
        -:   10:public:
        -:   11:    RepositoryException();
        -:   12:    explicit RepositoryException(std::string  msg);
function _ZN19RepositoryExceptionD2Ev called 0 returned 0% blocks executed 0%
    #####:   13:    ~RepositoryException() override = default;
    %%%%%:   13-block  0
call    0 never executed
call    1 never executed
        -:   14:    virtual const char* what();
        -:   15:};
        -:   16:
        -:   17:class DuplicateMovieException : public RepositoryException
        -:   18:{
        -:   19:public:
        -:   20:    const char* what() override;
        -:   21:};
        -:   22:
        -:   23:class FileException : public std::exception
        -:   24:{
        -:   25:protected:
        -:   26:    std::string message;
        -:   27:
        -:   28:public:
        -:   29:    explicit FileException(std::string  msg);
        -:   30:    virtual const char* what();
        -:   31:};
        -:   32:
        -:   33:
        -:   34:class IncorrectPosition : public RepositoryException
        -:   35:{
        -:   36:public:
        -:   37:    const char* what() override;
        -:   38:};
